--------------- Rebuild Started: 07/28/2021 15:21:36 Project: heart_rate, Configuration: ARM GCC 5.4-2016-q2-update Debug ---------------
Deleting file ".\CortexM0p\ARM_GCC_541\Debug\startup_psoc6_01_cm0plus.o"
Deleting file ".\CortexM0p\ARM_GCC_541\Debug\main_cm0p.o"
Deleting file ".\CortexM0p\ARM_GCC_541\Debug\system_psoc6_cm0plus.o"
Deleting file ".\CortexM0p\ARM_GCC_541\Debug\stdio_user.o"
Deleting file ".\CortexM0p\ARM_GCC_541\Debug\cyfitter_sysint_cfg.o"
Deleting file ".\CortexM0p\ARM_GCC_541\Debug\cyfitter_cfg.o"
Deleting file ".\CortexM0p\ARM_GCC_541\Debug\cymetadata.o"
Deleting file ".\CortexM0p\ARM_GCC_541\Debug\ADC.o"
Deleting file ".\CortexM0p\ARM_GCC_541\Debug\ADC_INT.o"
Deleting file ".\CortexM0p\ARM_GCC_541\Debug\ADC_INIT.o"
Deleting file ".\CortexM0p\ARM_GCC_541\Debug\ADC_PM.o"
Deleting file ".\CortexM0p\ARM_GCC_541\Debug\cy_efuse.o"
Deleting file ".\CortexM0p\ARM_GCC_541\Debug\cy_flash.o"
Deleting file ".\CortexM0p\ARM_GCC_541\Debug\cy_gpio.o"
Deleting file ".\CortexM0p\ARM_GCC_541\Debug\cy_ipc_drv.o"
Deleting file ".\CortexM0p\ARM_GCC_541\Debug\cy_ipc_sema.o"
Deleting file ".\CortexM0p\ARM_GCC_541\Debug\cy_ipc_pipe.o"
Deleting file ".\CortexM0p\ARM_GCC_541\Debug\cy_lvd.o"
Deleting file ".\CortexM0p\ARM_GCC_541\Debug\cy_profile.o"
Deleting file ".\CortexM0p\ARM_GCC_541\Debug\cy_prot.o"
Deleting file ".\CortexM0p\ARM_GCC_541\Debug\cy_sar.o"
Deleting file ".\CortexM0p\ARM_GCC_541\Debug\cy_scb_common.o"
Deleting file ".\CortexM0p\ARM_GCC_541\Debug\cy_scb_i2c.o"
Deleting file ".\CortexM0p\ARM_GCC_541\Debug\cy_scb_ezi2c.o"
Deleting file ".\CortexM0p\ARM_GCC_541\Debug\cy_scb_spi.o"
Deleting file ".\CortexM0p\ARM_GCC_541\Debug\cy_scb_uart.o"
Deleting file ".\CortexM0p\ARM_GCC_541\Debug\cy_sysanalog.o"
Deleting file ".\CortexM0p\ARM_GCC_541\Debug\cy_sysclk.o"
Deleting file ".\CortexM0p\ARM_GCC_541\Debug\cy_sysint.o"
Deleting file ".\CortexM0p\ARM_GCC_541\Debug\cy_syslib.o"
Deleting file ".\CortexM0p\ARM_GCC_541\Debug\cy_syslib_gcc.o"
Deleting file ".\CortexM0p\ARM_GCC_541\Debug\cy_syspm.o"
Deleting file ".\CortexM0p\ARM_GCC_541\Debug\cy_systick.o"
Deleting file ".\CortexM0p\ARM_GCC_541\Debug\cy_trigmux.o"
Deleting file ".\CortexM0p\ARM_GCC_541\Debug\cy_wdt.o"
Deleting file ".\CortexM0p\ARM_GCC_541\Debug\cy_device.o"
Deleting file ".\CortexM0p\ARM_GCC_541\Debug\cy_ble_clk.o"
Deleting file ".\CortexM0p\ARM_GCC_541\Debug\cy_ble.o"
Deleting file ".\CortexM0p\ARM_GCC_541\Debug\cy_ble_hal_int.o"
Deleting file ".\CortexM0p\ARM_GCC_541\Debug\cy_ble_hal_pvt.o"
Deleting file ".\CortexM0p\ARM_GCC_541\Debug\cy_ble_gap.o"
Deleting file ".\CortexM0p\ARM_GCC_541\Debug\cy_ble_gatt.o"
Deleting file ".\CortexM0p\ARM_GCC_541\Debug\cy_ble_event_handler.o"
Deleting file ".\CortexM0p\ARM_GCC_541\Debug\cy_ble_ancs.o"
Deleting file ".\CortexM0p\ARM_GCC_541\Debug\cy_ble_ans.o"
Deleting file ".\CortexM0p\ARM_GCC_541\Debug\cy_ble_aios.o"
Deleting file ".\CortexM0p\ARM_GCC_541\Debug\cy_ble_bas.o"
Deleting file ".\CortexM0p\ARM_GCC_541\Debug\cy_ble_bcs.o"
Deleting file ".\CortexM0p\ARM_GCC_541\Debug\cy_ble_bls.o"
Deleting file ".\CortexM0p\ARM_GCC_541\Debug\cy_ble_bms.o"
Deleting file ".\CortexM0p\ARM_GCC_541\Debug\cy_ble_bts.o"
Deleting file ".\CortexM0p\ARM_GCC_541\Debug\cy_ble_cgms.o"
Deleting file ".\CortexM0p\ARM_GCC_541\Debug\cy_ble_cps.o"
Deleting file ".\CortexM0p\ARM_GCC_541\Debug\cy_ble_cscs.o"
Deleting file ".\CortexM0p\ARM_GCC_541\Debug\cy_ble_cts.o"
Deleting file ".\CortexM0p\ARM_GCC_541\Debug\cy_ble_custom.o"
Deleting file ".\CortexM0p\ARM_GCC_541\Debug\cy_ble_dis.o"
Deleting file ".\CortexM0p\ARM_GCC_541\Debug\cy_ble_ess.o"
Deleting file ".\CortexM0p\ARM_GCC_541\Debug\cy_ble_gls.o"
Deleting file ".\CortexM0p\ARM_GCC_541\Debug\cy_ble_hids.o"
Deleting file ".\CortexM0p\ARM_GCC_541\Debug\cy_ble_hps.o"
Deleting file ".\CortexM0p\ARM_GCC_541\Debug\cy_ble_hrs.o"
Deleting file ".\CortexM0p\ARM_GCC_541\Debug\cy_ble_hts.o"
Deleting file ".\CortexM0p\ARM_GCC_541\Debug\cy_ble_ias.o"
Deleting file ".\CortexM0p\ARM_GCC_541\Debug\cy_ble_ips.o"
Deleting file ".\CortexM0p\ARM_GCC_541\Debug\cy_ble_lls.o"
Deleting file ".\CortexM0p\ARM_GCC_541\Debug\cy_ble_lns.o"
Deleting file ".\CortexM0p\ARM_GCC_541\Debug\cy_ble_ndcs.o"
Deleting file ".\CortexM0p\ARM_GCC_541\Debug\cy_ble_plxs.o"
Deleting file ".\CortexM0p\ARM_GCC_541\Debug\cy_ble_pass.o"
Deleting file ".\CortexM0p\ARM_GCC_541\Debug\cy_ble_rscs.o"
Deleting file ".\CortexM0p\ARM_GCC_541\Debug\cy_ble_rtus.o"
Deleting file ".\CortexM0p\ARM_GCC_541\Debug\cy_ble_scps.o"
Deleting file ".\CortexM0p\ARM_GCC_541\Debug\cy_ble_tps.o"
Deleting file ".\CortexM0p\ARM_GCC_541\Debug\cy_ble_uds.o"
Deleting file ".\CortexM0p\ARM_GCC_541\Debug\cy_ble_wpts.o"
Deleting file ".\CortexM0p\ARM_GCC_541\Debug\cy_ble_wss.o"
Deleting file ".\CortexM0p\ARM_GCC_541\Debug\retarget.o"
Deleting file ".\CortexM0p\ARM_GCC_541\Debug\BLE.o"
Deleting file ".\CortexM0p\ARM_GCC_541\Debug\BLE_config.o"
Deleting file ".\CortexM0p\ARM_GCC_541\Debug\BLE_custom_config.o"
Deleting file ".\CortexM0p\ARM_GCC_541\Debug\I2C.o"
Deleting file ".\CortexM0p\ARM_GCC_541\Debug\heart_rate.hex"
Deleting file ".\CortexM0p\ARM_GCC_541\Debug\heart_rate.elf"
Deleting file ".\CortexM0p\ARM_GCC_541\Debug\heart_rate.map"
Deleting file ".\heart_rate.cycdx"
Deleting file ".\heart_rate.rpt"
Deleting file ".\heart_rate_timing.html"
Deleting file ".\CortexM0p\ARM_GCC_541\Debug\.deps\SOURCE_C__ARM_GCC_GENERIC.P"
Deleting file ".\CortexM4\ARM_GCC_541\Debug\startup_psoc6_01_cm4.o"
Deleting file ".\CortexM4\ARM_GCC_541\Debug\main_cm4.o"
Deleting file ".\CortexM4\ARM_GCC_541\Debug\system_psoc6_cm4.o"
Deleting file ".\CortexM4\ARM_GCC_541\Debug\BLE_Task.o"
Deleting file ".\CortexM4\ARM_GCC_541\Debug\stdio_user.o"
Deleting file ".\CortexM4\ARM_GCC_541\Debug\cyfitter_sysint_cfg.o"
Deleting file ".\CortexM4\ARM_GCC_541\Debug\cymetadata.o"
Deleting file ".\CortexM4\ARM_GCC_541\Debug\ADC.o"
Deleting file ".\CortexM4\ARM_GCC_541\Debug\ADC_INT.o"
Deleting file ".\CortexM4\ARM_GCC_541\Debug\ADC_INIT.o"
Deleting file ".\CortexM4\ARM_GCC_541\Debug\ADC_PM.o"
Deleting file ".\CortexM4\ARM_GCC_541\Debug\cy_efuse.o"
Deleting file ".\CortexM4\ARM_GCC_541\Debug\cy_flash.o"
Deleting file ".\CortexM4\ARM_GCC_541\Debug\cy_gpio.o"
Deleting file ".\CortexM4\ARM_GCC_541\Debug\cy_ipc_drv.o"
Deleting file ".\CortexM4\ARM_GCC_541\Debug\cy_ipc_sema.o"
Deleting file ".\CortexM4\ARM_GCC_541\Debug\cy_ipc_pipe.o"
Deleting file ".\CortexM4\ARM_GCC_541\Debug\cy_lvd.o"
Deleting file ".\CortexM4\ARM_GCC_541\Debug\cy_profile.o"
Deleting file ".\CortexM4\ARM_GCC_541\Debug\cy_prot.o"
Deleting file ".\CortexM4\ARM_GCC_541\Debug\cy_sar.o"
Deleting file ".\CortexM4\ARM_GCC_541\Debug\cy_scb_common.o"
Deleting file ".\CortexM4\ARM_GCC_541\Debug\cy_scb_i2c.o"
Deleting file ".\CortexM4\ARM_GCC_541\Debug\cy_scb_ezi2c.o"
Deleting file ".\CortexM4\ARM_GCC_541\Debug\cy_scb_spi.o"
Deleting file ".\CortexM4\ARM_GCC_541\Debug\cy_scb_uart.o"
Deleting file ".\CortexM4\ARM_GCC_541\Debug\cy_sysanalog.o"
Deleting file ".\CortexM4\ARM_GCC_541\Debug\cy_sysclk.o"
Deleting file ".\CortexM4\ARM_GCC_541\Debug\cy_sysint.o"
Deleting file ".\CortexM4\ARM_GCC_541\Debug\cy_syslib.o"
Deleting file ".\CortexM4\ARM_GCC_541\Debug\cy_syslib_gcc.o"
Deleting file ".\CortexM4\ARM_GCC_541\Debug\cy_syspm.o"
Deleting file ".\CortexM4\ARM_GCC_541\Debug\cy_systick.o"
Deleting file ".\CortexM4\ARM_GCC_541\Debug\cy_trigmux.o"
Deleting file ".\CortexM4\ARM_GCC_541\Debug\cy_wdt.o"
Deleting file ".\CortexM4\ARM_GCC_541\Debug\cy_device.o"
Deleting file ".\CortexM4\ARM_GCC_541\Debug\cy_ble_clk.o"
Deleting file ".\CortexM4\ARM_GCC_541\Debug\cy_ble.o"
Deleting file ".\CortexM4\ARM_GCC_541\Debug\cy_ble_hal_int.o"
Deleting file ".\CortexM4\ARM_GCC_541\Debug\cy_ble_hal_pvt.o"
Deleting file ".\CortexM4\ARM_GCC_541\Debug\cy_ble_gap.o"
Deleting file ".\CortexM4\ARM_GCC_541\Debug\cy_ble_gatt.o"
Deleting file ".\CortexM4\ARM_GCC_541\Debug\cy_ble_event_handler.o"
Deleting file ".\CortexM4\ARM_GCC_541\Debug\cy_ble_ancs.o"
Deleting file ".\CortexM4\ARM_GCC_541\Debug\cy_ble_ans.o"
Deleting file ".\CortexM4\ARM_GCC_541\Debug\cy_ble_aios.o"
Deleting file ".\CortexM4\ARM_GCC_541\Debug\cy_ble_bas.o"
Deleting file ".\CortexM4\ARM_GCC_541\Debug\cy_ble_bcs.o"
Deleting file ".\CortexM4\ARM_GCC_541\Debug\cy_ble_bls.o"
Deleting file ".\CortexM4\ARM_GCC_541\Debug\cy_ble_bms.o"
Deleting file ".\CortexM4\ARM_GCC_541\Debug\cy_ble_bts.o"
Deleting file ".\CortexM4\ARM_GCC_541\Debug\cy_ble_cgms.o"
Deleting file ".\CortexM4\ARM_GCC_541\Debug\cy_ble_cps.o"
Deleting file ".\CortexM4\ARM_GCC_541\Debug\cy_ble_cscs.o"
Deleting file ".\CortexM4\ARM_GCC_541\Debug\cy_ble_cts.o"
Deleting file ".\CortexM4\ARM_GCC_541\Debug\cy_ble_custom.o"
Deleting file ".\CortexM4\ARM_GCC_541\Debug\cy_ble_dis.o"
Deleting file ".\CortexM4\ARM_GCC_541\Debug\cy_ble_ess.o"
Deleting file ".\CortexM4\ARM_GCC_541\Debug\cy_ble_gls.o"
Deleting file ".\CortexM4\ARM_GCC_541\Debug\cy_ble_hids.o"
Deleting file ".\CortexM4\ARM_GCC_541\Debug\cy_ble_hps.o"
Deleting file ".\CortexM4\ARM_GCC_541\Debug\cy_ble_hrs.o"
Deleting file ".\CortexM4\ARM_GCC_541\Debug\cy_ble_hts.o"
Deleting file ".\CortexM4\ARM_GCC_541\Debug\cy_ble_ias.o"
Deleting file ".\CortexM4\ARM_GCC_541\Debug\cy_ble_ips.o"
Deleting file ".\CortexM4\ARM_GCC_541\Debug\cy_ble_lls.o"
Deleting file ".\CortexM4\ARM_GCC_541\Debug\cy_ble_lns.o"
Deleting file ".\CortexM4\ARM_GCC_541\Debug\cy_ble_ndcs.o"
Deleting file ".\CortexM4\ARM_GCC_541\Debug\cy_ble_plxs.o"
Deleting file ".\CortexM4\ARM_GCC_541\Debug\cy_ble_pass.o"
Deleting file ".\CortexM4\ARM_GCC_541\Debug\cy_ble_rscs.o"
Deleting file ".\CortexM4\ARM_GCC_541\Debug\cy_ble_rtus.o"
Deleting file ".\CortexM4\ARM_GCC_541\Debug\cy_ble_scps.o"
Deleting file ".\CortexM4\ARM_GCC_541\Debug\cy_ble_tps.o"
Deleting file ".\CortexM4\ARM_GCC_541\Debug\cy_ble_uds.o"
Deleting file ".\CortexM4\ARM_GCC_541\Debug\cy_ble_wpts.o"
Deleting file ".\CortexM4\ARM_GCC_541\Debug\cy_ble_wss.o"
Deleting file ".\CortexM4\ARM_GCC_541\Debug\croutine.o"
Deleting file ".\CortexM4\ARM_GCC_541\Debug\event_groups.o"
Deleting file ".\CortexM4\ARM_GCC_541\Debug\list.o"
Deleting file ".\CortexM4\ARM_GCC_541\Debug\queue.o"
Deleting file ".\CortexM4\ARM_GCC_541\Debug\tasks.o"
Deleting file ".\CortexM4\ARM_GCC_541\Debug\timers.o"
Deleting file ".\CortexM4\ARM_GCC_541\Debug\stream_buffer.o"
Deleting file ".\CortexM4\ARM_GCC_541\Debug\port.o"
Deleting file ".\CortexM4\ARM_GCC_541\Debug\heap_1.o"
Deleting file ".\CortexM4\ARM_GCC_541\Debug\retarget.o"
Deleting file ".\CortexM4\ARM_GCC_541\Debug\BLE.o"
Deleting file ".\CortexM4\ARM_GCC_541\Debug\BLE_config.o"
Deleting file ".\CortexM4\ARM_GCC_541\Debug\BLE_custom_config.o"
Deleting file ".\CortexM4\ARM_GCC_541\Debug\I2C.o"
Deleting file ".\CortexM4\ARM_GCC_541\Debug\heart_rate.hex"
Deleting file ".\CortexM4\ARM_GCC_541\Debug\heart_rate.elf"
Deleting file ".\CortexM4\ARM_GCC_541\Debug\heart_rate.map"
Deleting file ".\CortexM4\ARM_GCC_541\Debug\.deps\SOURCE_C__ARM_GCC_GENERIC.P"
cydsfit.exe -.appdatapath "C:\Users\xhuli\AppData\Local\Cypress Semiconductor\PSoC Creator\4.4" -.fdsnotice -.fdswarpdepfile=warp_dependencies.txt -.fdselabdepfile=elab_dependencies.txt -.fdsbldfile=generated_files.txt -.fdsreffile=referenced_files.txt -p "C:\Users\xhuli\OneDrive\Documents\PSoC Creator\Final project\HR\HR\heart_rate.cydsn\heart_rate.cyprj" -d CYBLE-416045-02 -s "C:\Users\xhuli\OneDrive\Documents\PSoC Creator\Final project\HR\HR\heart_rate.cydsn\Generated_Source\PSoC6" -- -yv2 -q10 -ygs -o2 -v3 -.fftcfgtype=LE
ADD: fit.M0067: information: Clock Information: (The WCO is enabled. Chip startup will be slower because clock configuration cannot continue until the WCO is ready. See the device datasheet for WCO startup timing. If WCO is not required during startup, consider starting it in main() for faster chip startup.).
 * C:\Users\xhuli\OneDrive\Documents\PSoC Creator\Final project\HR\HR\heart_rate.cydsn\heart_rate.cydwr (WCO)
Elaborating Design...
ADD: fit.M0052: information: Interrupt "BLE_bless_isr" is currently mapped to multiple cores on the device.
 * C:\Users\xhuli\OneDrive\Documents\PSoC Creator\Final project\HR\HR\heart_rate.cydsn\heart_rate.cydwr (BLE_bless_isr)
ADD: sdb.M0061: information: Info from component: ADC. Off-chip Vref bypass does not have any effect when Vref is set to VDDA.
 * C:\Users\xhuli\OneDrive\Documents\PSoC Creator\Final project\HR\HR\heart_rate.cydsn\TopDesign\TopDesign.cysch (Instance:ADC)
HDL Generation...
Synthesis...
Tech Mapping...
Info: plm.M0038: The pin named CY_CPUSS_SWJ_SWCLK_TCLK(0) at location P6[7] prevents usage of special purposes: SCB[6].uart_cts. (App=cydsfit)
Info: plm.M0038: The pin named CY_CPUSS_SWJ_SWCLK_TCLK(0) at location P6[7] prevents usage of special purposes: SCB[6].spi_select[0]. (App=cydsfit)
Info: plm.M0038: The pin named CY_CPUSS_SWJ_SWCLK_TCLK(0) at location P6[7] prevents usage of special purposes: SCB[8].spi_select[0]. (App=cydsfit)
Info: plm.M0038: The pin named CY_CPUSS_SWJ_SWCLK_TCLK(0) at location P6[7] prevents usage of special purposes: SRSS[0].swd_clk. (App=cydsfit)
Info: plm.M0038: The pin named CY_CPUSS_SWJ_SWDIO_TMS(0) at location P6[6] prevents usage of special purposes: SCB[6].uart_rts. (App=cydsfit)
Info: plm.M0038: The pin named CY_CPUSS_SWJ_SWDIO_TMS(0) at location P6[6] prevents usage of special purposes: SCB[6].spi_clk. (App=cydsfit)
Info: plm.M0038: The pin named CY_CPUSS_SWJ_SWDIO_TMS(0) at location P6[6] prevents usage of special purposes: SCB[8].spi_clk. (App=cydsfit)
Info: plm.M0038: The pin named CY_CPUSS_SWJ_SWDIO_TMS(0) at location P6[6] prevents usage of special purposes: SRSS[0].swd_data. (App=cydsfit)
Info: plm.M0038: The pin named CY_SRSS_WCO_IN(0) at location P0[0] prevents usage of special purposes: SCB[0].spi_select[1]. (App=cydsfit)
Info: plm.M0038: The pin named CY_SRSS_WCO_OUT(0) at location P0[1] prevents usage of special purposes: SCB[0].spi_select[2]. (App=cydsfit)
Info: plm.M0038: The pin named CY_SRSS_WCO_OUT(0) at location P0[1] prevents usage of special purposes: CPUSS[0].swj_trstn. (App=cydsfit)
Analog Placement...
Analog Routing...
Analog Code Generation...
Digital Placement...
Digital Routing...
Bitstream Generation...
Bitstream Verification...
Static timing analysis...
API Generation...
Dependency Generation...
Cleanup...
arm-none-eabi-gcc.exe -mcpu=cortex-m0plus -mthumb -I. -IGenerated_Source\PSoC6 -IGenerated_Source\PSoC6\pdl\cmsis/include/ -IGenerated_Source\PSoC6\pdl\devices/psoc6/include/ -IGenerated_Source\PSoC6\pdl\devices/psoc6/include/ip/ -IGenerated_Source\PSoC6\pdl\drivers/peripheral/ -IGenerated_Source\PSoC6\pdl\drivers/peripheral/device/ -IGenerated_Source\PSoC6\pdl\drivers/peripheral/efuse/ -IGenerated_Source\PSoC6\pdl\drivers/peripheral/flash/ -IGenerated_Source\PSoC6\pdl\drivers/peripheral/gpio/ -IGenerated_Source\PSoC6\pdl\drivers/peripheral/ipc/ -IGenerated_Source\PSoC6\pdl\drivers/peripheral/lvd/ -IGenerated_Source\PSoC6\pdl\drivers/peripheral/profile/ -IGenerated_Source\PSoC6\pdl\drivers/peripheral/prot/ -IGenerated_Source\PSoC6\pdl\drivers/peripheral/sar/ -IGenerated_Source\PSoC6\pdl\drivers/peripheral/scb/ -IGenerated_Source\PSoC6\pdl\drivers/peripheral/sysanalog/ -IGenerated_Source\PSoC6\pdl\drivers/peripheral/sysclk/ -IGenerated_Source\PSoC6\pdl\drivers/peripheral/sysint/ -IGenerated_Source\PSoC6\pdl\drivers/peripheral/syslib/ -IGenerated_Source\PSoC6\pdl\drivers/peripheral/syspm/ -IGenerated_Source\PSoC6\pdl\drivers/peripheral/systick/ -IGenerated_Source\PSoC6\pdl\drivers/peripheral/trigmux/ -IGenerated_Source\PSoC6\pdl\drivers/peripheral/wdt/ -IGenerated_Source\PSoC6\pdl\middleware/ -IGenerated_Source\PSoC6\pdl\rtos/FreeRTOS/10.0.1/Source/include/ -IGenerated_Source\PSoC6\pdl\rtos/FreeRTOS/10.0.1/Source/portable/GCC/CM4F/ -IGenerated_Source\PSoC6\pdl\utilities/ -Wa,-alh=.\CortexM0p\ARM_GCC_541\Debug/startup_psoc6_01_cm0plus.lst -g -D DEBUG -D CY_CORE_ID=0 -D CY_PSOC_CREATOR_USED=1 -D CYBLE_416045_02 -Wall -ffunction-sections -ffat-lto-objects -Og -c gcc\startup_psoc6_01_cm0plus.S -o .\CortexM0p\ARM_GCC_541\Debug\startup_psoc6_01_cm0plus.o
arm-none-eabi-gcc.exe -mcpu=cortex-m0plus -mthumb -I. -IGenerated_Source\PSoC6 -IGenerated_Source\PSoC6\pdl\cmsis/include/ -IGenerated_Source\PSoC6\pdl\devices/psoc6/include/ -IGenerated_Source\PSoC6\pdl\devices/psoc6/include/ip/ -IGenerated_Source\PSoC6\pdl\drivers/peripheral/ -IGenerated_Source\PSoC6\pdl\drivers/peripheral/device/ -IGenerated_Source\PSoC6\pdl\drivers/peripheral/efuse/ -IGenerated_Source\PSoC6\pdl\drivers/peripheral/flash/ -IGenerated_Source\PSoC6\pdl\drivers/peripheral/gpio/ -IGenerated_Source\PSoC6\pdl\drivers/peripheral/ipc/ -IGenerated_Source\PSoC6\pdl\drivers/peripheral/lvd/ -IGenerated_Source\PSoC6\pdl\drivers/peripheral/profile/ -IGenerated_Source\PSoC6\pdl\drivers/peripheral/prot/ -IGenerated_Source\PSoC6\pdl\drivers/peripheral/sar/ -IGenerated_Source\PSoC6\pdl\drivers/peripheral/scb/ -IGenerated_Source\PSoC6\pdl\drivers/peripheral/sysanalog/ -IGenerated_Source\PSoC6\pdl\drivers/peripheral/sysclk/ -IGenerated_Source\PSoC6\pdl\drivers/peripheral/sysint/ -IGenerated_Source\PSoC6\pdl\drivers/peripheral/syslib/ -IGenerated_Source\PSoC6\pdl\drivers/peripheral/syspm/ -IGenerated_Source\PSoC6\pdl\drivers/peripheral/systick/ -IGenerated_Source\PSoC6\pdl\drivers/peripheral/trigmux/ -IGenerated_Source\PSoC6\pdl\drivers/peripheral/wdt/ -IGenerated_Source\PSoC6\pdl\middleware/ -IGenerated_Source\PSoC6\pdl\rtos/FreeRTOS/10.0.1/Source/include/ -IGenerated_Source\PSoC6\pdl\rtos/FreeRTOS/10.0.1/Source/portable/GCC/CM4F/ -IGenerated_Source\PSoC6\pdl\utilities/ -Wa,-alh=.\CortexM0p\ARM_GCC_541\Debug/main_cm0p.lst -g -D DEBUG -D CY_CORE_ID=0 -D CY_PSOC_CREATOR_USED=1 -D CYBLE_416045_02 -Wall -ffunction-sections -ffat-lto-objects -Og -c main_cm0p.c -o .\CortexM0p\ARM_GCC_541\Debug\main_cm0p.o
arm-none-eabi-gcc.exe -mcpu=cortex-m0plus -mthumb -I. -IGenerated_Source\PSoC6 -IGenerated_Source\PSoC6\pdl\cmsis/include/ -IGenerated_Source\PSoC6\pdl\devices/psoc6/include/ -IGenerated_Source\PSoC6\pdl\devices/psoc6/include/ip/ -IGenerated_Source\PSoC6\pdl\drivers/peripheral/ -IGenerated_Source\PSoC6\pdl\drivers/peripheral/device/ -IGenerated_Source\PSoC6\pdl\drivers/peripheral/efuse/ -IGenerated_Source\PSoC6\pdl\drivers/peripheral/flash/ -IGenerated_Source\PSoC6\pdl\drivers/peripheral/gpio/ -IGenerated_Source\PSoC6\pdl\drivers/peripheral/ipc/ -IGenerated_Source\PSoC6\pdl\drivers/peripheral/lvd/ -IGenerated_Source\PSoC6\pdl\drivers/peripheral/profile/ -IGenerated_Source\PSoC6\pdl\drivers/peripheral/prot/ -IGenerated_Source\PSoC6\pdl\drivers/peripheral/sar/ -IGenerated_Source\PSoC6\pdl\drivers/peripheral/scb/ -IGenerated_Source\PSoC6\pdl\drivers/peripheral/sysanalog/ -IGenerated_Source\PSoC6\pdl\drivers/peripheral/sysclk/ -IGenerated_Source\PSoC6\pdl\drivers/peripheral/sysint/ -IGenerated_Source\PSoC6\pdl\drivers/peripheral/syslib/ -IGenerated_Source\PSoC6\pdl\drivers/peripheral/syspm/ -IGenerated_Source\PSoC6\pdl\drivers/peripheral/systick/ -IGenerated_Source\PSoC6\pdl\drivers/peripheral/trigmux/ -IGenerated_Source\PSoC6\pdl\drivers/peripheral/wdt/ -IGenerated_Source\PSoC6\pdl\middleware/ -IGenerated_Source\PSoC6\pdl\rtos/FreeRTOS/10.0.1/Source/include/ -IGenerated_Source\PSoC6\pdl\rtos/FreeRTOS/10.0.1/Source/portable/GCC/CM4F/ -IGenerated_Source\PSoC6\pdl\utilities/ -Wa,-alh=.\CortexM0p\ARM_GCC_541\Debug/system_psoc6_cm0plus.lst -g -D DEBUG -D CY_CORE_ID=0 -D CY_PSOC_CREATOR_USED=1 -D CYBLE_416045_02 -Wall -ffunction-sections -ffat-lto-objects -Og -c system_psoc6_cm0plus.c -o .\CortexM0p\ARM_GCC_541\Debug\system_psoc6_cm0plus.o
arm-none-eabi-gcc.exe -mcpu=cortex-m0plus -mthumb -I. -IGenerated_Source\PSoC6 -IGenerated_Source\PSoC6\pdl\cmsis/include/ -IGenerated_Source\PSoC6\pdl\devices/psoc6/include/ -IGenerated_Source\PSoC6\pdl\devices/psoc6/include/ip/ -IGenerated_Source\PSoC6\pdl\drivers/peripheral/ -IGenerated_Source\PSoC6\pdl\drivers/peripheral/device/ -IGenerated_Source\PSoC6\pdl\drivers/peripheral/efuse/ -IGenerated_Source\PSoC6\pdl\drivers/peripheral/flash/ -IGenerated_Source\PSoC6\pdl\drivers/peripheral/gpio/ -IGenerated_Source\PSoC6\pdl\drivers/peripheral/ipc/ -IGenerated_Source\PSoC6\pdl\drivers/peripheral/lvd/ -IGenerated_Source\PSoC6\pdl\drivers/peripheral/profile/ -IGenerated_Source\PSoC6\pdl\drivers/peripheral/prot/ -IGenerated_Source\PSoC6\pdl\drivers/peripheral/sar/ -IGenerated_Source\PSoC6\pdl\drivers/peripheral/scb/ -IGenerated_Source\PSoC6\pdl\drivers/peripheral/sysanalog/ -IGenerated_Source\PSoC6\pdl\drivers/peripheral/sysclk/ -IGenerated_Source\PSoC6\pdl\drivers/peripheral/sysint/ -IGenerated_Source\PSoC6\pdl\drivers/peripheral/syslib/ -IGenerated_Source\PSoC6\pdl\drivers/peripheral/syspm/ -IGenerated_Source\PSoC6\pdl\drivers/peripheral/systick/ -IGenerated_Source\PSoC6\pdl\drivers/peripheral/trigmux/ -IGenerated_Source\PSoC6\pdl\drivers/peripheral/wdt/ -IGenerated_Source\PSoC6\pdl\middleware/ -IGenerated_Source\PSoC6\pdl\rtos/FreeRTOS/10.0.1/Source/include/ -IGenerated_Source\PSoC6\pdl\rtos/FreeRTOS/10.0.1/Source/portable/GCC/CM4F/ -IGenerated_Source\PSoC6\pdl\utilities/ -Wa,-alh=.\CortexM0p\ARM_GCC_541\Debug/stdio_user.lst -g -D DEBUG -D CY_CORE_ID=0 -D CY_PSOC_CREATOR_USED=1 -D CYBLE_416045_02 -Wall -ffunction-sections -ffat-lto-objects -Og -c stdio_user.c -o .\CortexM0p\ARM_GCC_541\Debug\stdio_user.o
In file included from stdio_user.c:17:0:
stdio_user.c: In function 'STDIO_PutChar':
stdio_user.h:167:29: error: 'UART_HW' undeclared (first use in this function)
 #define IO_STDOUT_UART      UART_HW
                             ^
stdio_user.c:35:33: note: in expansion of macro 'IO_STDOUT_UART'
     while(0U == Cy_SCB_UART_Put(IO_STDOUT_UART, ch))
                                 ^
stdio_user.h:167:29: note: each undeclared identifier is reported only once for each function it appears in
 #define IO_STDOUT_UART      UART_HW
                             ^
stdio_user.c:35:33: note: in expansion of macro 'IO_STDOUT_UART'
     while(0U == Cy_SCB_UART_Put(IO_STDOUT_UART, ch))
                                 ^
stdio_user.c: In function 'STDIO_GetChar':
stdio_user.h:168:29: error: 'UART_HW' undeclared (first use in this function)
 #define IO_STDIN_UART       UART_HW
                             ^
stdio_user.c:58:45: note: in expansion of macro 'IO_STDIN_UART'
     while(0UL == Cy_SCB_UART_GetNumInRxFifo(IO_STDIN_UART))
                                             ^
stdio_user.c:62:1: warning: control reaches end of non-void function [-Wreturn-type]
 }
 ^
The command 'arm-none-eabi-gcc.exe' failed with exit code '1'.
--------------- Rebuild Failed: 07/28/2021 15:22:17 ---------------
